2018/01/12 12:09:55 [error] [php] count(): Parameter must be an array or an object that implements Countable (C:\Users\office1\prove\xampp\htdocs\yii\framework\gii\generators\model\ModelCode.php:371)
Stack trace:
#0 C:\Users\office1\prove\xampp\htdocs\yii\framework\gii\CCodeGenerator.php(162): ModelCode->prepare()
#1 C:\Users\office1\prove\xampp\htdocs\yii\framework\gii\CCodeGenerator.php(63): ModelGenerator->prepare()
#2 C:\Users\office1\prove\xampp\htdocs\yii\framework\web\actions\CInlineAction.php(49): ModelGenerator->actionIndex()
#3 C:\Users\office1\prove\xampp\htdocs\yii\framework\web\CController.php(308): CInlineAction->runWithParams()
#4 C:\Users\office1\prove\xampp\htdocs\yii\framework\web\CController.php(286): ModelGenerator->runAction()
#5 C:\Users\office1\prove\xampp\htdocs\yii\framework\web\CController.php(265): ModelGenerator->runActionWithFilters()
#6 C:\Users\office1\prove\xampp\htdocs\yii\framework\web\CWebApplication.php(282): ModelGenerator->run()
#7 C:\Users\office1\prove\xampp\htdocs\yii\framework\web\CWebApplication.php(141): CWebApplication->runController()
#8 C:\Users\office1\prove\xampp\htdocs\yii\framework\base\CApplication.php(185): CWebApplication->processRequest()
#9 C:\Users\office1\prove\xampp\htdocs\yiiblog\index.php(13): CWebApplication->run()
REQUEST_URI=/yiiblog/index.php?r=gii/model/index
in C:\Users\office1\prove\xampp\htdocs\yiiblog\index.php (13)
2018/01/12 12:10:04 [error] [php] count(): Parameter must be an array or an object that implements Countable (C:\Users\office1\prove\xampp\htdocs\yii\framework\gii\generators\model\ModelCode.php:371)
Stack trace:
#0 C:\Users\office1\prove\xampp\htdocs\yii\framework\gii\CCodeGenerator.php(162): ModelCode->prepare()
#1 C:\Users\office1\prove\xampp\htdocs\yii\framework\gii\CCodeGenerator.php(63): ModelGenerator->prepare()
#2 C:\Users\office1\prove\xampp\htdocs\yii\framework\web\actions\CInlineAction.php(49): ModelGenerator->actionIndex()
#3 C:\Users\office1\prove\xampp\htdocs\yii\framework\web\CController.php(308): CInlineAction->runWithParams()
#4 C:\Users\office1\prove\xampp\htdocs\yii\framework\web\CController.php(286): ModelGenerator->runAction()
#5 C:\Users\office1\prove\xampp\htdocs\yii\framework\web\CController.php(265): ModelGenerator->runActionWithFilters()
#6 C:\Users\office1\prove\xampp\htdocs\yii\framework\web\CWebApplication.php(282): ModelGenerator->run()
#7 C:\Users\office1\prove\xampp\htdocs\yii\framework\web\CWebApplication.php(141): CWebApplication->runController()
#8 C:\Users\office1\prove\xampp\htdocs\yii\framework\base\CApplication.php(185): CWebApplication->processRequest()
#9 C:\Users\office1\prove\xampp\htdocs\yiiblog\index.php(13): CWebApplication->run()
REQUEST_URI=/yiiblog/index.php?r=gii/model/index
in C:\Users\office1\prove\xampp\htdocs\yiiblog\index.php (13)
2018/01/12 12:28:34 [error] [exception.CException] CException: Property "UserIdentity._id" is not defined. in C:\Users\office1\prove\xampp\htdocs\yii\framework\base\CComponent.php:173
Stack trace:
#0 C:\Users\office1\prove\xampp\htdocs\yiiblog\protected\components\UserIdentity.php(27): CComponent->__set('_id', '1')
#1 C:\Users\office1\prove\xampp\htdocs\yiiblog\protected\models\LoginForm.php(54): UserIdentity->authenticate()
#2 C:\Users\office1\prove\xampp\htdocs\yii\framework\validators\CInlineValidator.php(42): LoginForm->authenticate('password', Array)
#3 C:\Users\office1\prove\xampp\htdocs\yii\framework\validators\CValidator.php(201): CInlineValidator->validateAttribute(Object(LoginForm), 'password')
#4 C:\Users\office1\prove\xampp\htdocs\yii\framework\base\CModel.php(159): CValidator->validate(Object(LoginForm), Array)
#5 C:\Users\office1\prove\xampp\htdocs\yiiblog\protected\controllers\SiteController.php(94): CModel->validate()
#6 C:\Users\office1\prove\xampp\htdocs\yii\framework\web\actions\CInlineAction.php(49): SiteController->actionLogin()
#7 C:\Users\office1\prove\xampp\htdocs\yii\framework\web\CController.php(308): CInlineAction->runWithParams(Array)
#8 C:\Users\office1\prove\xampp\htdocs\yii\framework\web\CController.php(286): CController->runAction(Object(CInlineAction))
#9 C:\Users\office1\prove\xampp\htdocs\yii\framework\web\CController.php(265): CController->runActionWithFilters(Object(CInlineAction), Array)
#10 C:\Users\office1\prove\xampp\htdocs\yii\framework\web\CWebApplication.php(282): CController->run('login')
#11 C:\Users\office1\prove\xampp\htdocs\yii\framework\web\CWebApplication.php(141): CWebApplication->runController('site/login')
#12 C:\Users\office1\prove\xampp\htdocs\yii\framework\base\CApplication.php(185): CWebApplication->processRequest()
#13 C:\Users\office1\prove\xampp\htdocs\yiiblog\index.php(13): CApplication->run()
#14 {main}
REQUEST_URI=/yiiblog/index.php?r=site/login
HTTP_REFERER=http://localhost:8080/yiiblog/index.php?r=site/login
---
2018/01/12 12:29:26 [error] [exception.CException] CException: Property "UserIdentity.id" is read only. in C:\Users\office1\prove\xampp\htdocs\yii\framework\base\CComponent.php:170
Stack trace:
#0 C:\Users\office1\prove\xampp\htdocs\yiiblog\protected\components\UserIdentity.php(27): CComponent->__set('id', '1')
#1 C:\Users\office1\prove\xampp\htdocs\yiiblog\protected\models\LoginForm.php(54): UserIdentity->authenticate()
#2 C:\Users\office1\prove\xampp\htdocs\yii\framework\validators\CInlineValidator.php(42): LoginForm->authenticate('password', Array)
#3 C:\Users\office1\prove\xampp\htdocs\yii\framework\validators\CValidator.php(201): CInlineValidator->validateAttribute(Object(LoginForm), 'password')
#4 C:\Users\office1\prove\xampp\htdocs\yii\framework\base\CModel.php(159): CValidator->validate(Object(LoginForm), Array)
#5 C:\Users\office1\prove\xampp\htdocs\yiiblog\protected\controllers\SiteController.php(94): CModel->validate()
#6 C:\Users\office1\prove\xampp\htdocs\yii\framework\web\actions\CInlineAction.php(49): SiteController->actionLogin()
#7 C:\Users\office1\prove\xampp\htdocs\yii\framework\web\CController.php(308): CInlineAction->runWithParams(Array)
#8 C:\Users\office1\prove\xampp\htdocs\yii\framework\web\CController.php(286): CController->runAction(Object(CInlineAction))
#9 C:\Users\office1\prove\xampp\htdocs\yii\framework\web\CController.php(265): CController->runActionWithFilters(Object(CInlineAction), Array)
#10 C:\Users\office1\prove\xampp\htdocs\yii\framework\web\CWebApplication.php(282): CController->run('login')
#11 C:\Users\office1\prove\xampp\htdocs\yii\framework\web\CWebApplication.php(141): CWebApplication->runController('site/login')
#12 C:\Users\office1\prove\xampp\htdocs\yii\framework\base\CApplication.php(185): CWebApplication->processRequest()
#13 C:\Users\office1\prove\xampp\htdocs\yiiblog\index.php(13): CApplication->run()
#14 {main}
REQUEST_URI=/yiiblog/index.php?r=site/login
HTTP_REFERER=http://localhost:8080/yiiblog/index.php?r=site/login
---
